<?xml version="1.0" encoding="UTF-8"?>
<testng-results ignored="0" total="1" passed="1" failed="0" skipped="0">
  <reporter-output>
  </reporter-output>
  <suite started-at="2025-08-20T15:44:20 IST" name="Default suite" finished-at="2025-08-20T15:44:27 IST" duration-ms="6943">
    <groups>
    </groups>
    <test started-at="2025-08-20T15:44:20 IST" name="Default test" finished-at="2025-08-20T15:44:27 IST" duration-ms="6943">
      <class name="com.example.extentreports.ExtentReportsSelenium.GoogleTestWithReport">
        <test-method is-config="true" signature="setupReport()[pri:0, instance:com.example.extentreports.ExtentReportsSelenium.GoogleTestWithReport@1757cd72]" started-at="2025-08-20T15:44:20 IST" name="setupReport" finished-at="2025-08-20T15:44:20 IST" duration-ms="291" status="PASS">
          <reporter-output>
          </reporter-output>
        </test-method> <!-- setupReport -->
        <test-method is-config="true" signature="setUp()[pri:0, instance:com.example.extentreports.ExtentReportsSelenium.GoogleTestWithReport@1757cd72]" started-at="2025-08-20T15:44:20 IST" name="setUp" finished-at="2025-08-20T15:44:26 IST" duration-ms="5633" status="PASS">
          <reporter-output>
          </reporter-output>
        </test-method> <!-- setUp -->
        <test-method signature="openGoogle()[pri:0, instance:com.example.extentreports.ExtentReportsSelenium.GoogleTestWithReport@1757cd72]" started-at="2025-08-20T15:44:26 IST" name="openGoogle" finished-at="2025-08-20T15:44:27 IST" duration-ms="1063" status="PASS">
          <reporter-output>
          </reporter-output>
        </test-method> <!-- openGoogle -->
        <test-method is-config="true" signature="tearDown()[pri:0, instance:com.example.extentreports.ExtentReportsSelenium.GoogleTestWithReport@1757cd72]" started-at="2025-08-20T15:44:27 IST" name="tearDown" finished-at="2025-08-20T15:44:27 IST" duration-ms="192" status="PASS">
          <reporter-output>
          </reporter-output>
        </test-method> <!-- tearDown -->
        <test-method is-config="true" signature="tearDownReport()[pri:0, instance:com.example.extentreports.ExtentReportsSelenium.GoogleTestWithReport@1757cd72]" started-at="2025-08-20T15:44:27 IST" name="tearDownReport" finished-at="2025-08-20T15:44:28 IST" duration-ms="328" status="PASS">
          <reporter-output>
          </reporter-output>
        </test-method> <!-- tearDownReport -->
      </class> <!-- com.example.extentreports.ExtentReportsSelenium.GoogleTestWithReport -->
    </test> <!-- Default test -->
  </suite> <!-- Default suite -->
</testng-results>
